
============================
UNSEEN ERRORS:
============================

Unexpected exit code(1): 
dawn: 
	275.log, 


Errors present when disabled(1444): 
dawn: 
	1.log, 
	2.log, 
	3.log, 
	4.log, 
	5.log, 
	6.log, 
	7.log, 
	8.log, 
	9.log, 
	10.log, 
	11.log, 
	12.log, 
	13.log, 
	14.log, 
	15.log, 
	16.log, 
	17.log, 
	18.log, 
	19.log, 
	20.log, 
	21.log, 
	22.log, 
	23.log, 
	24.log, 
	25.log, 
	26.log, 
	27.log, 
	28.log, 
	29.log, 
	30.log, 
	31.log, 
	32.log, 
	33.log, 
	34.log, 
	35.log, 
	36.log, 
	37.log, 
	38.log, 
	39.log, 
	40.log, 
	41.log, 
	42.log, 
	43.log, 
	44.log, 
	45.log, 
	46.log, 
	47.log, 
	48.log, 
	49.log, 
	50.log, 
	51.log, 
	52.log, 
	53.log, 
	54.log, 
	55.log, 
	56.log, 
	57.log, 
	58.log, 
	59.log, 
	60.log, 
	61.log, 
	62.log, 
	63.log, 
	64.log, 
	65.log, 
	66.log, 
	67.log, 
	68.log, 
	69.log, 
	70.log, 
	71.log, 
	72.log, 
	73.log, 
	74.log, 
	75.log, 
	76.log, 
	77.log, 
	78.log, 
	79.log, 
	80.log, 
	81.log, 
	82.log, 
	83.log, 
	84.log, 
	85.log, 
	86.log, 
	87.log, 
	88.log, 
	89.log, 
	90.log, 
	91.log, 
	92.log, 
	93.log, 
	94.log, 
	95.log, 
	96.log, 
	97.log, 
	98.log, 
	99.log, 
	100.log, 
	101.log, 
	102.log, 
	103.log, 
	104.log, 
	105.log, 
	106.log, 
	107.log, 
	108.log, 
	109.log, 
	110.log, 
	111.log, 
	112.log, 
	113.log, 
	114.log, 
	115.log, 
	116.log, 
	117.log, 
	118.log, 
	119.log, 
	120.log, 
	121.log, 
	122.log, 
	123.log, 
	124.log, 
	125.log, 
	126.log, 
	127.log, 
	128.log, 
	129.log, 
	130.log, 
	131.log, 
	132.log, 
	133.log, 
	134.log, 
	135.log, 
	136.log, 
	137.log, 
	138.log, 
	139.log, 
	140.log, 
	141.log, 
	142.log, 
	143.log, 
	144.log, 
	145.log, 
	146.log, 
	147.log, 
	148.log, 
	149.log, 
	150.log, 
	151.log, 
	152.log, 
	153.log, 
	154.log, 
	155.log, 
	156.log, 
	157.log, 
	158.log, 
	159.log, 
	160.log, 
	161.log, 
	162.log, 
	163.log, 
	164.log, 
	165.log, 
	166.log, 
	167.log, 
	168.log, 
	169.log, 
	170.log, 
	171.log, 
	172.log, 
	173.log, 
	174.log, 
	175.log, 
	176.log, 
	177.log, 
	178.log, 
	179.log, 
	180.log, 
	181.log, 
	182.log, 
	183.log, 
	184.log, 
	185.log, 
	186.log, 
	187.log, 
	188.log, 
	189.log, 
	190.log, 
	191.log, 
	192.log, 
	193.log, 
	194.log, 
	195.log, 
	196.log, 
	197.log, 
	198.log, 
	199.log, 
	200.log, 
	201.log, 
	202.log, 
	203.log, 
	204.log, 
	205.log, 
	206.log, 
	207.log, 
	208.log, 
	209.log, 
	210.log, 
	211.log, 
	212.log, 
	213.log, 
	214.log, 
	215.log, 
	216.log, 
	217.log, 
	218.log, 
	219.log, 
	220.log, 
	221.log, 
	222.log, 
	223.log, 
	224.log, 
	225.log, 
	226.log, 
	227.log, 
	228.log, 
	229.log, 
	230.log, 
	231.log, 
	232.log, 
	233.log, 
	234.log, 
	235.log, 
	236.log, 
	237.log, 
	238.log, 
	239.log, 
	240.log, 
	241.log, 
	242.log, 
	243.log, 
	244.log, 
	245.log, 
	246.log, 
	247.log, 
	248.log, 
	249.log, 
	250.log, 
	251.log, 
	252.log, 
	253.log, 
	254.log, 
	255.log, 
	256.log, 
	257.log, 
	258.log, 
	259.log, 
	260.log, 
	261.log, 
	262.log, 
	263.log, 
	264.log, 
	265.log, 
	266.log, 
	267.log, 
	268.log, 
	269.log, 
	270.log, 
	271.log, 
	272.log, 
	273.log, 
	274.log, 
	275.log, 
	276.log, 
	277.log, 
	278.log, 
	279.log, 
	280.log, 
	281.log, 
	282.log, 
	283.log, 
	284.log, 
	285.log, 
	286.log, 
	287.log, 
	288.log, 
	289.log, 
	290.log, 
	291.log, 
	292.log, 
	293.log, 
	294.log, 
	295.log, 
	296.log, 
	297.log, 
	298.log, 
	299.log, 
	300.log, 
	301.log, 
	302.log, 
	303.log, 
	304.log, 
	305.log, 
	306.log, 
	307.log, 
	308.log, 
	309.log, 
	310.log, 
	311.log, 
	312.log, 
	313.log, 
	314.log, 
	315.log, 
	316.log, 
	317.log, 
	318.log, 
	319.log, 
	320.log, 
	321.log, 
	322.log, 
	323.log, 
	324.log, 
	325.log, 
	326.log, 
	327.log, 
	328.log, 
	329.log, 
	330.log, 
	331.log, 
	332.log, 
	333.log, 
	334.log, 
	335.log, 
	336.log, 
	337.log, 
	338.log, 
	339.log, 
	340.log, 
	341.log, 
	342.log, 
	343.log, 
	344.log, 
	345.log, 
	346.log, 
	347.log, 
	348.log, 
	349.log, 
	350.log, 
	351.log, 
	352.log, 
	353.log, 
	354.log, 
	355.log, 
	356.log, 
	357.log, 
	358.log, 
	359.log, 
	360.log, 
	361.log, 
	362.log, 
	363.log, 
	364.log, 
	365.log, 
	366.log, 
	367.log, 
	368.log, 
	369.log, 
	370.log, 
	371.log, 
	372.log, 
	373.log, 
	374.log, 
	375.log, 
	376.log, 
	377.log, 
	378.log, 
	379.log, 
	380.log, 
	381.log, 
	382.log, 
	383.log, 
	384.log, 
	385.log, 
	386.log, 
	387.log, 
	388.log, 
	389.log, 
	390.log, 
	391.log, 
	392.log, 
	393.log, 
	394.log, 
	395.log, 
	396.log, 
	397.log, 
	398.log, 
	399.log, 
	400.log, 
	401.log, 
	402.log, 
	403.log, 
	404.log, 
	405.log, 
	406.log, 
	407.log, 
	408.log, 
	409.log, 
	410.log, 
	411.log, 
	412.log, 
	413.log, 
	414.log, 
	415.log, 
	416.log, 
	417.log, 
	418.log, 
	419.log, 
	420.log, 
	421.log, 
	422.log, 
	423.log, 
	424.log, 
	425.log, 
	426.log, 
	427.log, 
	428.log, 
	429.log, 
	430.log, 
	431.log, 
	432.log, 
	433.log, 
	434.log, 
	435.log, 
	436.log, 
	437.log, 
	438.log, 
	439.log, 
	440.log, 
	441.log, 
	442.log, 
	443.log, 
	444.log, 
	445.log, 
	446.log, 
	447.log, 
	448.log, 
	449.log, 
	450.log, 
	451.log, 
	452.log, 
	453.log, 
	454.log, 
	455.log, 
	456.log, 
	457.log, 
	458.log, 
	459.log, 
	460.log, 
	461.log, 
	462.log, 
	463.log, 
	464.log, 
	465.log, 
	466.log, 
	467.log, 
	468.log, 
	469.log, 
	470.log, 
	471.log, 
	472.log, 
	473.log, 
	474.log, 
	475.log, 
	476.log, 
	477.log, 
	478.log, 
	479.log, 
	480.log, 
	481.log, 
	482.log, 
	483.log, 
	484.log, 
	485.log, 
	486.log, 
	487.log, 
	488.log, 
	489.log, 
	490.log, 
	491.log, 
	492.log, 
	493.log, 
	494.log, 
	495.log, 
	496.log, 
	497.log, 
	498.log, 
	499.log, 
	500.log, 
	501.log, 
	502.log, 
	503.log, 
	504.log, 
	505.log, 
	506.log, 
	507.log, 
	508.log, 
	509.log, 
	510.log, 
	511.log, 
	512.log, 
	513.log, 
	514.log, 
	515.log, 
	516.log, 
	517.log, 
	518.log, 
	519.log, 
	520.log, 
	521.log, 
	522.log, 
	523.log, 
	524.log, 
	525.log, 
	526.log, 
	527.log, 
	528.log, 
	529.log, 
	530.log, 
	531.log, 
	532.log, 
	533.log, 
	534.log, 
	535.log, 
	536.log, 
	537.log, 
	538.log, 
	539.log, 
	540.log, 
	541.log, 
	542.log, 
	543.log, 
	544.log, 
	545.log, 
	546.log, 
	547.log, 
	548.log, 
	549.log, 
	550.log, 
	551.log, 
	552.log, 
	553.log, 
	554.log, 
	555.log, 
	556.log, 
	557.log, 
	558.log, 
	559.log, 
	560.log, 
	561.log, 
	562.log, 
	563.log, 
	564.log, 
	565.log, 
	566.log, 
	567.log, 
	568.log, 
	569.log, 
	570.log, 
	571.log, 
	572.log, 
	573.log, 
	574.log, 
	575.log, 
	576.log, 
	577.log, 
	578.log, 
	579.log, 
	580.log, 
	581.log, 
	582.log, 
	583.log, 
	584.log, 
	585.log, 
	586.log, 
	587.log, 
	588.log, 
	589.log, 
	590.log, 
	591.log, 
	592.log, 
	593.log, 
	594.log, 
	595.log, 
	596.log, 
	597.log, 
	598.log, 
	599.log, 
	600.log, 
	601.log, 
	602.log, 
	603.log, 
	604.log, 
	605.log, 
	606.log, 
	607.log, 
	608.log, 
	609.log, 
	610.log, 
	611.log, 
	612.log, 
	613.log, 
	614.log, 
	615.log, 
	616.log, 
	617.log, 
	618.log, 
	619.log, 
	620.log, 
	621.log, 
	622.log, 
	623.log, 
	624.log, 
	625.log, 
	626.log, 
	627.log, 
	628.log, 
	629.log, 
	630.log, 
	631.log, 
	632.log, 
	633.log, 
	634.log, 
	635.log, 
	636.log, 
	637.log, 
	638.log, 
	639.log, 
	640.log, 
	641.log, 
	642.log, 
	643.log, 
	644.log, 
	645.log, 
	646.log, 
	647.log, 
	648.log, 
	649.log, 
	650.log, 
	651.log, 
	652.log, 
	653.log, 
	654.log, 
	655.log, 
	656.log, 
	657.log, 
	658.log, 
	659.log, 
	660.log, 
	661.log, 
	662.log, 
	663.log, 
	664.log, 
	665.log, 
	666.log, 
	667.log, 
	668.log, 
	669.log, 
	670.log, 
	671.log, 
	672.log, 
	673.log, 
	674.log, 
	675.log, 
	676.log, 
	677.log, 
	678.log, 
	679.log, 
	680.log, 
	681.log, 
	682.log, 
	683.log, 
	684.log, 
	685.log, 
	686.log, 
	687.log, 
	688.log, 
	689.log, 
	690.log, 
	691.log, 
	692.log, 
	693.log, 
	694.log, 
	695.log, 
	696.log, 
	697.log, 
	698.log, 
	699.log, 
	700.log, 
	701.log, 
	702.log, 
	703.log, 
	704.log, 
	705.log, 
	706.log, 
	707.log, 
	708.log, 
	709.log, 
	710.log, 
	711.log, 
	712.log, 
	713.log, 
	714.log, 
	715.log, 
	716.log, 
	717.log, 
	718.log, 
	719.log, 
	720.log, 
	721.log, 
	722.log, 
	723.log, 
	724.log, 
	725.log, 
	726.log, 
	727.log, 
	728.log, 
	729.log, 
	730.log, 
	731.log, 
	732.log, 
	733.log, 
	734.log, 
	735.log, 
	736.log, 
	737.log, 
	738.log, 
	739.log, 
	740.log, 
	741.log, 
	742.log, 
	743.log, 
	744.log, 
	745.log, 
	746.log, 
	747.log, 
	748.log, 
	749.log, 
	750.log, 
	751.log, 
	752.log, 
	753.log, 
	754.log, 
	755.log, 
	756.log, 
	757.log, 
	758.log, 
	759.log, 
	760.log, 
	761.log, 
	762.log, 
	763.log, 
	764.log, 
	765.log, 
	766.log, 
	767.log, 
	768.log, 
	769.log, 
	770.log, 
	771.log, 
	772.log, 
	773.log, 
	774.log, 
	775.log, 
	776.log, 
	777.log, 
	778.log, 
	779.log, 
	780.log, 
	781.log, 
	782.log, 
	783.log, 
	784.log, 
	785.log, 
	786.log, 
	787.log, 
	788.log, 
	789.log, 
	790.log, 
	791.log, 
	792.log, 
	793.log, 
	794.log, 
	795.log, 
	796.log, 
	797.log, 
	798.log, 
	799.log, 
	800.log, 
	801.log, 
	802.log, 
	803.log, 
	804.log, 
	805.log, 
	806.log, 
	807.log, 
	808.log, 
	809.log, 
	810.log, 
	811.log, 
	812.log, 
	813.log, 
	814.log, 
	815.log, 
	816.log, 
	817.log, 
	818.log, 
	819.log, 
	820.log, 
	821.log, 
	822.log, 
	823.log, 
	824.log, 
	825.log, 
	826.log, 
	827.log, 
	828.log, 
	829.log, 
	830.log, 
	831.log, 
	832.log, 
	833.log, 
	834.log, 
	835.log, 
	836.log, 
	837.log, 
	838.log, 
	839.log, 
	840.log, 
	841.log, 
	842.log, 
	843.log, 
	844.log, 
	845.log, 
	846.log, 
	847.log, 
	848.log, 
	849.log, 
	850.log, 
	851.log, 
	852.log, 
	853.log, 
	854.log, 
	855.log, 
	856.log, 
	857.log, 
	858.log, 
	859.log, 
	860.log, 
	861.log, 
	862.log, 
	863.log, 
	864.log, 
	865.log, 
	866.log, 
	867.log, 
	868.log, 
	869.log, 
	870.log, 
	871.log, 
	872.log, 
	873.log, 
	874.log, 
	875.log, 
	876.log, 
	877.log, 
	878.log, 
	879.log, 
	880.log, 
	881.log, 
	882.log, 
	883.log, 
	884.log, 
	885.log, 
	886.log, 
	887.log, 
	888.log, 
	889.log, 
	890.log, 
	891.log, 
	892.log, 
	893.log, 
	894.log, 
	895.log, 
	896.log, 
	897.log, 
	898.log, 
	899.log, 
	900.log, 
	901.log, 
	902.log, 
	903.log, 
	904.log, 
	905.log, 
	906.log, 
	907.log, 
	908.log, 
	909.log, 
	910.log, 
	911.log, 
	912.log, 
	913.log, 
	914.log, 
	915.log, 
	916.log, 
	917.log, 
	918.log, 
	919.log, 
	920.log, 
	921.log, 
	922.log, 
	923.log, 
	924.log, 
	925.log, 
	926.log, 
	927.log, 
	928.log, 
	929.log, 
	930.log, 
	931.log, 
	932.log, 
	933.log, 
	934.log, 
	935.log, 
	936.log, 
	937.log, 
	938.log, 
	939.log, 
	940.log, 
	941.log, 
	942.log, 
	943.log, 
	944.log, 
	945.log, 
	946.log, 
	947.log, 
	948.log, 
	949.log, 
	950.log, 
	951.log, 
	952.log, 
	953.log, 
	954.log, 
	955.log, 
	956.log, 
	957.log, 
	958.log, 
	959.log, 
	960.log, 
	961.log, 
	962.log, 
	963.log, 
	964.log, 
	965.log, 
	966.log, 
	967.log, 
	968.log, 
	969.log, 
	970.log, 
	971.log, 
	972.log, 
	973.log, 
	974.log, 
	975.log, 
	976.log, 
	977.log, 
	978.log, 
	979.log, 
	980.log, 
	981.log, 
	982.log, 
	983.log, 
	984.log, 
	985.log, 
	986.log, 
	987.log, 
	988.log, 
	989.log, 
	990.log, 
	991.log, 
	992.log, 
	993.log, 
	994.log, 
	995.log, 
	996.log, 
	997.log, 
	998.log, 
	999.log, 
	1000.log, 
	1001.log, 
	1002.log, 
	1003.log, 
	1004.log, 
	1005.log, 
	1006.log, 
	1007.log, 
	1008.log, 
	1009.log, 
	1010.log, 
	1011.log, 
	1012.log, 
	1013.log, 
	1014.log, 
	1015.log, 
	1016.log, 
	1017.log, 
	1018.log, 
	1019.log, 
	1020.log, 
	1021.log, 
	1022.log, 
	1023.log, 
	1024.log, 
	1025.log, 
	1026.log, 
	1027.log, 
	1028.log, 
	1029.log, 
	1030.log, 
	1031.log, 
	1032.log, 
	1033.log, 
	1034.log, 
	1035.log, 
	1036.log, 
	1037.log, 
	1038.log, 
	1039.log, 
	1040.log, 
	1041.log, 
	1042.log, 
	1043.log, 
	1044.log, 
	1045.log, 
	1046.log, 
	1047.log, 
	1048.log, 
	1049.log, 
	1050.log, 
	1051.log, 
	1052.log, 
	1053.log, 
	1054.log, 
	1055.log, 
	1056.log, 
	1057.log, 
	1058.log, 
	1059.log, 
	1060.log, 
	1061.log, 
	1062.log, 
	1063.log, 
	1064.log, 
	1065.log, 
	1066.log, 
	1067.log, 
	1068.log, 
	1069.log, 
	1070.log, 
	1071.log, 
	1072.log, 
	1073.log, 
	1074.log, 
	1075.log, 
	1076.log, 
	1077.log, 
	1078.log, 
	1079.log, 
	1080.log, 
	1081.log, 
	1082.log, 
	1083.log, 
	1084.log, 
	1085.log, 
	1086.log, 
	1087.log, 
	1088.log, 
	1089.log, 
	1090.log, 
	1091.log, 
	1092.log, 
	1093.log, 
	1094.log, 
	1095.log, 
	1096.log, 
	1097.log, 
	1098.log, 
	1099.log, 
	1100.log, 
	1101.log, 
	1102.log, 
	1103.log, 
	1104.log, 
	1105.log, 
	1106.log, 
	1107.log, 
	1108.log, 
	1109.log, 
	1110.log, 
	1111.log, 
	1112.log, 
	1113.log, 
	1114.log, 
	1115.log, 
	1116.log, 
	1117.log, 
	1118.log, 
	1119.log, 
	1120.log, 
	1121.log, 
	1122.log, 
	1123.log, 
	1124.log, 
	1125.log, 
	1126.log, 
	1127.log, 
	1128.log, 
	1129.log, 
	1130.log, 
	1131.log, 
	1132.log, 
	1133.log, 
	1134.log, 
	1135.log, 
	1136.log, 
	1137.log, 
	1138.log, 
	1139.log, 
	1140.log, 
	1141.log, 
	1142.log, 
	1143.log, 
	1144.log, 
	1145.log, 
	1146.log, 
	1147.log, 
	1148.log, 
	1149.log, 
	1150.log, 
	1151.log, 
	1152.log, 
	1153.log, 
	1154.log, 
	1155.log, 
	1156.log, 
	1157.log, 
	1158.log, 
	1159.log, 
	1160.log, 
	1161.log, 
	1162.log, 
	1163.log, 
	1164.log, 
	1165.log, 
	1166.log, 
	1167.log, 
	1168.log, 
	1169.log, 
	1170.log, 
	1171.log, 
	1172.log, 
	1173.log, 
	1174.log, 
	1175.log, 
	1176.log, 
	1177.log, 
	1178.log, 
	1179.log, 
	1180.log, 
	1181.log, 
	1182.log, 
	1183.log, 
	1184.log, 
	1185.log, 
	1186.log, 
	1187.log, 
	1188.log, 
	1189.log, 
	1190.log, 
	1191.log, 
	1192.log, 
	1193.log, 
	1194.log, 
	1195.log, 
	1196.log, 
	1197.log, 
	1198.log, 
	1199.log, 
	1200.log, 
	1201.log, 
	1202.log, 
	1203.log, 
	1204.log, 
	1205.log, 
	1206.log, 
	1207.log, 
	1208.log, 
	1209.log, 
	1210.log, 
	1211.log, 
	1212.log, 
	1213.log, 
	1214.log, 
	1215.log, 
	1216.log, 
	1217.log, 
	1218.log, 
	1219.log, 
	1220.log, 
	1221.log, 
	1222.log, 
	1223.log, 
	1224.log, 
	1225.log, 
	1226.log, 
	1227.log, 
	1228.log, 
	1229.log, 
	1230.log, 
	1231.log, 
	1232.log, 
	1233.log, 
	1234.log, 
	1235.log, 
	1236.log, 
	1237.log, 
	1238.log, 
	1239.log, 
	1240.log, 
	1241.log, 
	1242.log, 
	1243.log, 
	1244.log, 
	1245.log, 
	1246.log, 
	1247.log, 
	1248.log, 
	1249.log, 
	1250.log, 
	1251.log, 
	1252.log, 
	1253.log, 
	1254.log, 
	1255.log, 
	1256.log, 
	1257.log, 
	1258.log, 
	1259.log, 
	1260.log, 
	1261.log, 
	1262.log, 
	1263.log, 
	1264.log, 
	1265.log, 
	1266.log, 
	1267.log, 
	1268.log, 
	1269.log, 
	1270.log, 
	1271.log, 
	1272.log, 
	1273.log, 
	1274.log, 
	1275.log, 
	1276.log, 
	1277.log, 
	1278.log, 
	1279.log, 
	1280.log, 
	1281.log, 
	1282.log, 
	1283.log, 
	1284.log, 
	1285.log, 
	1286.log, 
	1287.log, 
	1288.log, 
	1289.log, 
	1290.log, 
	1291.log, 
	1292.log, 
	1293.log, 
	1294.log, 
	1295.log, 
	1296.log, 
	1297.log, 
	1298.log, 
	1299.log, 
	1300.log, 
	1301.log, 
	1302.log, 
	1303.log, 
	1304.log, 
	1305.log, 
	1306.log, 
	1307.log, 
	1308.log, 
	1309.log, 
	1310.log, 
	1311.log, 
	1312.log, 
	1313.log, 
	1314.log, 
	1315.log, 
	1316.log, 
	1317.log, 
	1318.log, 
	1319.log, 
	1320.log, 
	1321.log, 
	1322.log, 
	1323.log, 
	1324.log, 
	1325.log, 
	1326.log, 
	1327.log, 
	1328.log, 
	1329.log, 
	1330.log, 
	1331.log, 
	1332.log, 
	1333.log, 
	1334.log, 
	1335.log, 
	1336.log, 
	1337.log, 
	1338.log, 
	1339.log, 
	1340.log, 
	1341.log, 
	1342.log, 
	1343.log, 
	1344.log, 
	1345.log, 
	1346.log, 
	1347.log, 
	1348.log, 
	1349.log, 
	1350.log, 
	1351.log, 
	1352.log, 
	1353.log, 
	1354.log, 
	1355.log, 
	1356.log, 
	1357.log, 
	1358.log, 
	1359.log, 
	1360.log, 
	1361.log, 
	1362.log, 
	1363.log, 
	1364.log, 
	1365.log, 
	1366.log, 
	1367.log, 
	1368.log, 
	1369.log, 
	1370.log, 
	1371.log, 
	1372.log, 
	1373.log, 
	1374.log, 
	1375.log, 
	1376.log, 
	1377.log, 
	1378.log, 
	1379.log, 
	1380.log, 
	1381.log, 
	1382.log, 
	1383.log, 
	1384.log, 
	1385.log, 
	1386.log, 
	1387.log, 
	1388.log, 
	1389.log, 
	1390.log, 
	1391.log, 
	1392.log, 
	1393.log, 
	1394.log, 
	1395.log, 
	1396.log, 
	1397.log, 
	1398.log, 
	1399.log, 
	1400.log, 
	1401.log, 
	1402.log, 
	1403.log, 
	1404.log, 
	1405.log, 
	1406.log, 
	1407.log, 
	1408.log, 
	1409.log, 
	1410.log, 
	1411.log, 
	1412.log, 
	1413.log, 
	1414.log, 
	1415.log, 
	1416.log, 
	1417.log, 
	1418.log, 
	1419.log, 
	1420.log, 
	1421.log, 
	1422.log, 

wgpu: 
	82.log, 
	109.log, 
	190.log, 
	213.log, 
	255.log, 
	421.log, 
	427.log, 
	445.log, 
	515.log, 
	642.log, 
	646.log, 
	681.log, 
	737.log, 
	910.log, 
	915.log, 
	930.log, 
	1038.log, 
	1113.log, 
	1137.log, 
	1275.log, 
	1337.log, 
	1378.log, 


Unexpected error/failure(3): 
dawn: 
	515.log, 
	915.log, 
	1055.log, 


============================
DIFFERENTIAL DISCREPANCIES:
============================

Differing Validation error(951): 
dawn: 
	1.log, 
	2.log, 
	3.log, 
	5.log, 
	6.log, 
	10.log, 
	12.log, 
	14.log, 
	16.log, 
	17.log, 
	19.log, 
	24.log, 
	25.log, 
	26.log, 
	28.log, 
	29.log, 
	31.log, 
	32.log, 
	33.log, 
	34.log, 
	35.log, 
	36.log, 
	37.log, 
	40.log, 
	41.log, 
	43.log, 
	46.log, 
	47.log, 
	48.log, 
	49.log, 
	50.log, 
	51.log, 
	52.log, 
	54.log, 
	55.log, 
	56.log, 
	57.log, 
	58.log, 
	59.log, 
	61.log, 
	62.log, 
	63.log, 
	64.log, 
	65.log, 
	66.log, 
	67.log, 
	70.log, 
	71.log, 
	73.log, 
	74.log, 
	75.log, 
	77.log, 
	78.log, 
	83.log, 
	85.log, 
	87.log, 
	88.log, 
	89.log, 
	91.log, 
	93.log, 
	94.log, 
	95.log, 
	96.log, 
	97.log, 
	99.log, 
	100.log, 
	101.log, 
	104.log, 
	105.log, 
	107.log, 
	110.log, 
	111.log, 
	113.log, 
	116.log, 
	118.log, 
	119.log, 
	120.log, 
	122.log, 
	123.log, 
	127.log, 
	128.log, 
	130.log, 
	131.log, 
	132.log, 
	133.log, 
	134.log, 
	135.log, 
	136.log, 
	138.log, 
	139.log, 
	141.log, 
	143.log, 
	144.log, 
	145.log, 
	146.log, 
	147.log, 
	149.log, 
	150.log, 
	154.log, 
	156.log, 
	158.log, 
	159.log, 
	160.log, 
	163.log, 
	164.log, 
	165.log, 
	166.log, 
	167.log, 
	168.log, 
	170.log, 
	173.log, 
	174.log, 
	175.log, 
	176.log, 
	178.log, 
	179.log, 
	180.log, 
	181.log, 
	183.log, 
	186.log, 
	187.log, 
	188.log, 
	189.log, 
	192.log, 
	193.log, 
	194.log, 
	196.log, 
	199.log, 
	201.log, 
	203.log, 
	204.log, 
	206.log, 
	208.log, 
	209.log, 
	210.log, 
	211.log, 
	214.log, 
	215.log, 
	216.log, 
	217.log, 
	218.log, 
	220.log, 
	221.log, 
	222.log, 
	225.log, 
	226.log, 
	229.log, 
	230.log, 
	231.log, 
	233.log, 
	234.log, 
	235.log, 
	236.log, 
	237.log, 
	238.log, 
	239.log, 
	240.log, 
	243.log, 
	244.log, 
	248.log, 
	249.log, 
	252.log, 
	253.log, 
	259.log, 
	260.log, 
	261.log, 
	262.log, 
	263.log, 
	264.log, 
	265.log, 
	266.log, 
	267.log, 
	268.log, 
	272.log, 
	274.log, 
	275.log, 
	276.log, 
	277.log, 
	278.log, 
	279.log, 
	280.log, 
	282.log, 
	283.log, 
	284.log, 
	285.log, 
	286.log, 
	288.log, 
	289.log, 
	290.log, 
	291.log, 
	293.log, 
	294.log, 
	296.log, 
	297.log, 
	300.log, 
	301.log, 
	305.log, 
	306.log, 
	308.log, 
	311.log, 
	312.log, 
	313.log, 
	314.log, 
	315.log, 
	316.log, 
	317.log, 
	318.log, 
	319.log, 
	320.log, 
	321.log, 
	322.log, 
	323.log, 
	324.log, 
	326.log, 
	327.log, 
	328.log, 
	331.log, 
	333.log, 
	335.log, 
	336.log, 
	337.log, 
	338.log, 
	340.log, 
	341.log, 
	344.log, 
	345.log, 
	346.log, 
	348.log, 
	354.log, 
	355.log, 
	356.log, 
	357.log, 
	358.log, 
	361.log, 
	363.log, 
	364.log, 
	366.log, 
	367.log, 
	369.log, 
	370.log, 
	371.log, 
	372.log, 
	374.log, 
	376.log, 
	378.log, 
	379.log, 
	380.log, 
	382.log, 
	384.log, 
	385.log, 
	387.log, 
	388.log, 
	389.log, 
	390.log, 
	391.log, 
	392.log, 
	394.log, 
	395.log, 
	397.log, 
	398.log, 
	399.log, 
	400.log, 
	401.log, 
	402.log, 
	403.log, 
	405.log, 
	406.log, 
	407.log, 
	408.log, 
	411.log, 
	413.log, 
	414.log, 
	415.log, 
	416.log, 
	417.log, 
	418.log, 
	419.log, 
	420.log, 
	422.log, 
	423.log, 
	425.log, 
	428.log, 
	431.log, 
	433.log, 
	434.log, 
	435.log, 
	437.log, 
	438.log, 
	439.log, 
	440.log, 
	441.log, 
	442.log, 
	444.log, 
	447.log, 
	448.log, 
	449.log, 
	450.log, 
	453.log, 
	454.log, 
	455.log, 
	458.log, 
	460.log, 
	464.log, 
	465.log, 
	466.log, 
	468.log, 
	469.log, 
	470.log, 
	471.log, 
	472.log, 
	473.log, 
	474.log, 
	475.log, 
	479.log, 
	480.log, 
	481.log, 
	483.log, 
	484.log, 
	487.log, 
	490.log, 
	491.log, 
	492.log, 
	493.log, 
	495.log, 
	496.log, 
	497.log, 
	499.log, 
	501.log, 
	502.log, 
	503.log, 
	504.log, 
	506.log, 
	507.log, 
	508.log, 
	510.log, 
	511.log, 
	512.log, 
	513.log, 
	514.log, 
	518.log, 
	519.log, 
	520.log, 
	521.log, 
	524.log, 
	526.log, 
	527.log, 
	528.log, 
	529.log, 
	531.log, 
	533.log, 
	535.log, 
	536.log, 
	537.log, 
	538.log, 
	541.log, 
	542.log, 
	543.log, 
	544.log, 
	545.log, 
	548.log, 
	549.log, 
	550.log, 
	551.log, 
	552.log, 
	554.log, 
	555.log, 
	556.log, 
	559.log, 
	561.log, 
	562.log, 
	565.log, 
	567.log, 
	568.log, 
	569.log, 
	571.log, 
	573.log, 
	574.log, 
	575.log, 
	576.log, 
	577.log, 
	579.log, 
	582.log, 
	583.log, 
	585.log, 
	586.log, 
	588.log, 
	589.log, 
	590.log, 
	591.log, 
	592.log, 
	593.log, 
	595.log, 
	596.log, 
	599.log, 
	600.log, 
	601.log, 
	603.log, 
	604.log, 
	606.log, 
	608.log, 
	609.log, 
	610.log, 
	611.log, 
	612.log, 
	614.log, 
	615.log, 
	616.log, 
	618.log, 
	619.log, 
	620.log, 
	621.log, 
	623.log, 
	624.log, 
	625.log, 
	626.log, 
	627.log, 
	629.log, 
	630.log, 
	631.log, 
	632.log, 
	633.log, 
	636.log, 
	637.log, 
	638.log, 
	639.log, 
	640.log, 
	645.log, 
	647.log, 
	651.log, 
	652.log, 
	656.log, 
	659.log, 
	660.log, 
	661.log, 
	662.log, 
	665.log, 
	669.log, 
	670.log, 
	671.log, 
	672.log, 
	675.log, 
	684.log, 
	685.log, 
	686.log, 
	687.log, 
	689.log, 
	690.log, 
	691.log, 
	692.log, 
	693.log, 
	694.log, 
	697.log, 
	700.log, 
	701.log, 
	702.log, 
	703.log, 
	705.log, 
	707.log, 
	709.log, 
	710.log, 
	711.log, 
	712.log, 
	713.log, 
	714.log, 
	715.log, 
	716.log, 
	717.log, 
	719.log, 
	720.log, 
	721.log, 
	722.log, 
	723.log, 
	724.log, 
	725.log, 
	726.log, 
	727.log, 
	728.log, 
	729.log, 
	730.log, 
	732.log, 
	733.log, 
	734.log, 
	735.log, 
	738.log, 
	739.log, 
	741.log, 
	742.log, 
	743.log, 
	745.log, 
	746.log, 
	747.log, 
	748.log, 
	749.log, 
	752.log, 
	753.log, 
	754.log, 
	755.log, 
	756.log, 
	757.log, 
	758.log, 
	759.log, 
	760.log, 
	762.log, 
	763.log, 
	765.log, 
	766.log, 
	769.log, 
	771.log, 
	772.log, 
	773.log, 
	774.log, 
	775.log, 
	780.log, 
	781.log, 
	784.log, 
	785.log, 
	786.log, 
	788.log, 
	789.log, 
	790.log, 
	791.log, 
	792.log, 
	794.log, 
	796.log, 
	797.log, 
	798.log, 
	800.log, 
	801.log, 
	803.log, 
	805.log, 
	806.log, 
	808.log, 
	809.log, 
	811.log, 
	815.log, 
	816.log, 
	817.log, 
	818.log, 
	821.log, 
	823.log, 
	826.log, 
	827.log, 
	828.log, 
	830.log, 
	831.log, 
	832.log, 
	835.log, 
	838.log, 
	839.log, 
	840.log, 
	841.log, 
	842.log, 
	843.log, 
	844.log, 
	845.log, 
	847.log, 
	849.log, 
	850.log, 
	851.log, 
	853.log, 
	854.log, 
	855.log, 
	856.log, 
	857.log, 
	858.log, 
	859.log, 
	860.log, 
	861.log, 
	862.log, 
	863.log, 
	864.log, 
	866.log, 
	867.log, 
	868.log, 
	869.log, 
	870.log, 
	872.log, 
	874.log, 
	875.log, 
	876.log, 
	877.log, 
	879.log, 
	881.log, 
	884.log, 
	885.log, 
	886.log, 
	887.log, 
	888.log, 
	889.log, 
	890.log, 
	895.log, 
	896.log, 
	897.log, 
	899.log, 
	900.log, 
	903.log, 
	906.log, 
	908.log, 
	909.log, 
	911.log, 
	912.log, 
	913.log, 
	916.log, 
	919.log, 
	920.log, 
	921.log, 
	922.log, 
	924.log, 
	925.log, 
	927.log, 
	928.log, 
	929.log, 
	931.log, 
	932.log, 
	935.log, 
	937.log, 
	938.log, 
	939.log, 
	940.log, 
	941.log, 
	942.log, 
	943.log, 
	944.log, 
	946.log, 
	949.log, 
	951.log, 
	952.log, 
	953.log, 
	954.log, 
	956.log, 
	957.log, 
	958.log, 
	959.log, 
	960.log, 
	963.log, 
	964.log, 
	965.log, 
	966.log, 
	967.log, 
	968.log, 
	969.log, 
	970.log, 
	972.log, 
	973.log, 
	974.log, 
	975.log, 
	977.log, 
	978.log, 
	979.log, 
	981.log, 
	983.log, 
	984.log, 
	985.log, 
	987.log, 
	989.log, 
	990.log, 
	991.log, 
	992.log, 
	995.log, 
	996.log, 
	997.log, 
	999.log, 
	1002.log, 
	1004.log, 
	1006.log, 
	1009.log, 
	1010.log, 
	1012.log, 
	1014.log, 
	1015.log, 
	1016.log, 
	1017.log, 
	1019.log, 
	1020.log, 
	1021.log, 
	1023.log, 
	1024.log, 
	1027.log, 
	1028.log, 
	1029.log, 
	1031.log, 
	1032.log, 
	1033.log, 
	1034.log, 
	1035.log, 
	1037.log, 
	1042.log, 
	1044.log, 
	1046.log, 
	1047.log, 
	1049.log, 
	1050.log, 
	1052.log, 
	1053.log, 
	1054.log, 
	1056.log, 
	1057.log, 
	1060.log, 
	1061.log, 
	1062.log, 
	1063.log, 
	1064.log, 
	1065.log, 
	1066.log, 
	1067.log, 
	1071.log, 
	1074.log, 
	1075.log, 
	1077.log, 
	1080.log, 
	1082.log, 
	1083.log, 
	1085.log, 
	1088.log, 
	1089.log, 
	1090.log, 
	1091.log, 
	1092.log, 
	1093.log, 
	1094.log, 
	1095.log, 
	1096.log, 
	1097.log, 
	1098.log, 
	1099.log, 
	1101.log, 
	1102.log, 
	1103.log, 
	1104.log, 
	1105.log, 
	1106.log, 
	1107.log, 
	1108.log, 
	1109.log, 
	1110.log, 
	1111.log, 
	1112.log, 
	1115.log, 
	1116.log, 
	1118.log, 
	1119.log, 
	1120.log, 
	1121.log, 
	1122.log, 
	1123.log, 
	1124.log, 
	1126.log, 
	1129.log, 
	1131.log, 
	1132.log, 
	1133.log, 
	1134.log, 
	1136.log, 
	1138.log, 
	1139.log, 
	1140.log, 
	1141.log, 
	1143.log, 
	1144.log, 
	1146.log, 
	1148.log, 
	1149.log, 
	1151.log, 
	1152.log, 
	1153.log, 
	1154.log, 
	1156.log, 
	1158.log, 
	1159.log, 
	1160.log, 
	1162.log, 
	1163.log, 
	1166.log, 
	1167.log, 
	1168.log, 
	1169.log, 
	1171.log, 
	1173.log, 
	1174.log, 
	1175.log, 
	1176.log, 
	1177.log, 
	1178.log, 
	1179.log, 
	1180.log, 
	1181.log, 
	1182.log, 
	1185.log, 
	1186.log, 
	1187.log, 
	1188.log, 
	1191.log, 
	1192.log, 
	1193.log, 
	1195.log, 
	1196.log, 
	1197.log, 
	1198.log, 
	1199.log, 
	1200.log, 
	1201.log, 
	1202.log, 
	1203.log, 
	1204.log, 
	1205.log, 
	1207.log, 
	1209.log, 
	1210.log, 
	1212.log, 
	1213.log, 
	1215.log, 
	1216.log, 
	1218.log, 
	1219.log, 
	1220.log, 
	1222.log, 
	1223.log, 
	1224.log, 
	1225.log, 
	1226.log, 
	1229.log, 
	1230.log, 
	1231.log, 
	1232.log, 
	1233.log, 
	1235.log, 
	1239.log, 
	1241.log, 
	1242.log, 
	1243.log, 
	1244.log, 
	1245.log, 
	1247.log, 
	1248.log, 
	1249.log, 
	1251.log, 
	1254.log, 
	1256.log, 
	1257.log, 
	1260.log, 
	1261.log, 
	1262.log, 
	1263.log, 
	1264.log, 
	1265.log, 
	1266.log, 
	1267.log, 
	1271.log, 
	1273.log, 
	1276.log, 
	1277.log, 
	1278.log, 
	1281.log, 
	1282.log, 
	1284.log, 
	1285.log, 
	1286.log, 
	1287.log, 
	1289.log, 
	1290.log, 
	1291.log, 
	1293.log, 
	1295.log, 
	1296.log, 
	1297.log, 
	1299.log, 
	1300.log, 
	1301.log, 
	1302.log, 
	1303.log, 
	1304.log, 
	1305.log, 
	1308.log, 
	1309.log, 
	1310.log, 
	1311.log, 
	1312.log, 
	1314.log, 
	1316.log, 
	1318.log, 
	1322.log, 
	1323.log, 
	1326.log, 
	1327.log, 
	1328.log, 
	1329.log, 
	1330.log, 
	1331.log, 
	1332.log, 
	1333.log, 
	1334.log, 
	1335.log, 
	1336.log, 
	1338.log, 
	1339.log, 
	1340.log, 
	1341.log, 
	1343.log, 
	1344.log, 
	1347.log, 
	1348.log, 
	1349.log, 
	1350.log, 
	1351.log, 
	1352.log, 
	1354.log, 
	1356.log, 
	1357.log, 
	1358.log, 
	1359.log, 
	1360.log, 
	1361.log, 
	1363.log, 
	1364.log, 
	1366.log, 
	1368.log, 
	1369.log, 
	1371.log, 
	1372.log, 
	1373.log, 
	1375.log, 
	1376.log, 
	1381.log, 
	1382.log, 
	1383.log, 
	1386.log, 
	1388.log, 
	1390.log, 
	1394.log, 
	1395.log, 
	1396.log, 
	1400.log, 
	1401.log, 
	1402.log, 
	1403.log, 
	1404.log, 
	1406.log, 
	1407.log, 
	1408.log, 
	1409.log, 
	1410.log, 
	1411.log, 
	1412.log, 
	1413.log, 
	1414.log, 
	1415.log, 
	1416.log, 
	1417.log, 
	1418.log, 
	1421.log, 
	1422.log, 


Differing Unexpected exit code(1422): 
dawn: 
	1.log, 
	2.log, 
	3.log, 
	4.log, 
	5.log, 
	6.log, 
	7.log, 
	8.log, 
	9.log, 
	10.log, 
	11.log, 
	12.log, 
	13.log, 
	14.log, 
	15.log, 
	16.log, 
	17.log, 
	18.log, 
	19.log, 
	20.log, 
	21.log, 
	22.log, 
	23.log, 
	24.log, 
	25.log, 
	26.log, 
	27.log, 
	28.log, 
	29.log, 
	30.log, 
	31.log, 
	32.log, 
	33.log, 
	34.log, 
	35.log, 
	36.log, 
	37.log, 
	38.log, 
	39.log, 
	40.log, 
	41.log, 
	42.log, 
	43.log, 
	44.log, 
	45.log, 
	46.log, 
	47.log, 
	48.log, 
	49.log, 
	50.log, 
	51.log, 
	52.log, 
	53.log, 
	54.log, 
	55.log, 
	56.log, 
	57.log, 
	58.log, 
	59.log, 
	60.log, 
	61.log, 
	62.log, 
	63.log, 
	64.log, 
	65.log, 
	66.log, 
	67.log, 
	68.log, 
	69.log, 
	70.log, 
	71.log, 
	72.log, 
	73.log, 
	74.log, 
	75.log, 
	76.log, 
	77.log, 
	78.log, 
	79.log, 
	80.log, 
	81.log, 
	82.log, 
	83.log, 
	84.log, 
	85.log, 
	86.log, 
	87.log, 
	88.log, 
	89.log, 
	90.log, 
	91.log, 
	92.log, 
	93.log, 
	94.log, 
	95.log, 
	96.log, 
	97.log, 
	98.log, 
	99.log, 
	100.log, 
	101.log, 
	102.log, 
	103.log, 
	104.log, 
	105.log, 
	106.log, 
	107.log, 
	108.log, 
	109.log, 
	110.log, 
	111.log, 
	112.log, 
	113.log, 
	114.log, 
	115.log, 
	116.log, 
	117.log, 
	118.log, 
	119.log, 
	120.log, 
	121.log, 
	122.log, 
	123.log, 
	124.log, 
	125.log, 
	126.log, 
	127.log, 
	128.log, 
	129.log, 
	130.log, 
	131.log, 
	132.log, 
	133.log, 
	134.log, 
	135.log, 
	136.log, 
	137.log, 
	138.log, 
	139.log, 
	140.log, 
	141.log, 
	142.log, 
	143.log, 
	144.log, 
	145.log, 
	146.log, 
	147.log, 
	148.log, 
	149.log, 
	150.log, 
	151.log, 
	152.log, 
	153.log, 
	154.log, 
	155.log, 
	156.log, 
	157.log, 
	158.log, 
	159.log, 
	160.log, 
	161.log, 
	162.log, 
	163.log, 
	164.log, 
	165.log, 
	166.log, 
	167.log, 
	168.log, 
	169.log, 
	170.log, 
	171.log, 
	172.log, 
	173.log, 
	174.log, 
	175.log, 
	176.log, 
	177.log, 
	178.log, 
	179.log, 
	180.log, 
	181.log, 
	182.log, 
	183.log, 
	184.log, 
	185.log, 
	186.log, 
	187.log, 
	188.log, 
	189.log, 
	190.log, 
	191.log, 
	192.log, 
	193.log, 
	194.log, 
	195.log, 
	196.log, 
	197.log, 
	198.log, 
	199.log, 
	200.log, 
	201.log, 
	202.log, 
	203.log, 
	204.log, 
	205.log, 
	206.log, 
	207.log, 
	208.log, 
	209.log, 
	210.log, 
	211.log, 
	212.log, 
	213.log, 
	214.log, 
	215.log, 
	216.log, 
	217.log, 
	218.log, 
	219.log, 
	220.log, 
	221.log, 
	222.log, 
	223.log, 
	224.log, 
	225.log, 
	226.log, 
	227.log, 
	228.log, 
	229.log, 
	230.log, 
	231.log, 
	232.log, 
	233.log, 
	234.log, 
	235.log, 
	236.log, 
	237.log, 
	238.log, 
	239.log, 
	240.log, 
	241.log, 
	242.log, 
	243.log, 
	244.log, 
	245.log, 
	246.log, 
	247.log, 
	248.log, 
	249.log, 
	250.log, 
	251.log, 
	252.log, 
	253.log, 
	254.log, 
	255.log, 
	256.log, 
	257.log, 
	258.log, 
	259.log, 
	260.log, 
	261.log, 
	262.log, 
	263.log, 
	264.log, 
	265.log, 
	266.log, 
	267.log, 
	268.log, 
	269.log, 
	270.log, 
	271.log, 
	272.log, 
	273.log, 
	274.log, 
	275.log, 
	276.log, 
	277.log, 
	278.log, 
	279.log, 
	280.log, 
	281.log, 
	282.log, 
	283.log, 
	284.log, 
	285.log, 
	286.log, 
	287.log, 
	288.log, 
	289.log, 
	290.log, 
	291.log, 
	292.log, 
	293.log, 
	294.log, 
	295.log, 
	296.log, 
	297.log, 
	298.log, 
	299.log, 
	300.log, 
	301.log, 
	302.log, 
	303.log, 
	304.log, 
	305.log, 
	306.log, 
	307.log, 
	308.log, 
	309.log, 
	310.log, 
	311.log, 
	312.log, 
	313.log, 
	314.log, 
	315.log, 
	316.log, 
	317.log, 
	318.log, 
	319.log, 
	320.log, 
	321.log, 
	322.log, 
	323.log, 
	324.log, 
	325.log, 
	326.log, 
	327.log, 
	328.log, 
	329.log, 
	330.log, 
	331.log, 
	332.log, 
	333.log, 
	334.log, 
	335.log, 
	336.log, 
	337.log, 
	338.log, 
	339.log, 
	340.log, 
	341.log, 
	342.log, 
	343.log, 
	344.log, 
	345.log, 
	346.log, 
	347.log, 
	348.log, 
	349.log, 
	350.log, 
	351.log, 
	352.log, 
	353.log, 
	354.log, 
	355.log, 
	356.log, 
	357.log, 
	358.log, 
	359.log, 
	360.log, 
	361.log, 
	362.log, 
	363.log, 
	364.log, 
	365.log, 
	366.log, 
	367.log, 
	368.log, 
	369.log, 
	370.log, 
	371.log, 
	372.log, 
	373.log, 
	374.log, 
	375.log, 
	376.log, 
	377.log, 
	378.log, 
	379.log, 
	380.log, 
	381.log, 
	382.log, 
	383.log, 
	384.log, 
	385.log, 
	386.log, 
	387.log, 
	388.log, 
	389.log, 
	390.log, 
	391.log, 
	392.log, 
	393.log, 
	394.log, 
	395.log, 
	396.log, 
	397.log, 
	398.log, 
	399.log, 
	400.log, 
	401.log, 
	402.log, 
	403.log, 
	404.log, 
	405.log, 
	406.log, 
	407.log, 
	408.log, 
	409.log, 
	410.log, 
	411.log, 
	412.log, 
	413.log, 
	414.log, 
	415.log, 
	416.log, 
	417.log, 
	418.log, 
	419.log, 
	420.log, 
	421.log, 
	422.log, 
	423.log, 
	424.log, 
	425.log, 
	426.log, 
	427.log, 
	428.log, 
	429.log, 
	430.log, 
	431.log, 
	432.log, 
	433.log, 
	434.log, 
	435.log, 
	436.log, 
	437.log, 
	438.log, 
	439.log, 
	440.log, 
	441.log, 
	442.log, 
	443.log, 
	444.log, 
	445.log, 
	446.log, 
	447.log, 
	448.log, 
	449.log, 
	450.log, 
	451.log, 
	452.log, 
	453.log, 
	454.log, 
	455.log, 
	456.log, 
	457.log, 
	458.log, 
	459.log, 
	460.log, 
	461.log, 
	462.log, 
	463.log, 
	464.log, 
	465.log, 
	466.log, 
	467.log, 
	468.log, 
	469.log, 
	470.log, 
	471.log, 
	472.log, 
	473.log, 
	474.log, 
	475.log, 
	476.log, 
	477.log, 
	478.log, 
	479.log, 
	480.log, 
	481.log, 
	482.log, 
	483.log, 
	484.log, 
	485.log, 
	486.log, 
	487.log, 
	488.log, 
	489.log, 
	490.log, 
	491.log, 
	492.log, 
	493.log, 
	494.log, 
	495.log, 
	496.log, 
	497.log, 
	498.log, 
	499.log, 
	500.log, 
	501.log, 
	502.log, 
	503.log, 
	504.log, 
	505.log, 
	506.log, 
	507.log, 
	508.log, 
	509.log, 
	510.log, 
	511.log, 
	512.log, 
	513.log, 
	514.log, 
	515.log, 
	516.log, 
	517.log, 
	518.log, 
	519.log, 
	520.log, 
	521.log, 
	522.log, 
	523.log, 
	524.log, 
	525.log, 
	526.log, 
	527.log, 
	528.log, 
	529.log, 
	530.log, 
	531.log, 
	532.log, 
	533.log, 
	534.log, 
	535.log, 
	536.log, 
	537.log, 
	538.log, 
	539.log, 
	540.log, 
	541.log, 
	542.log, 
	543.log, 
	544.log, 
	545.log, 
	546.log, 
	547.log, 
	548.log, 
	549.log, 
	550.log, 
	551.log, 
	552.log, 
	553.log, 
	554.log, 
	555.log, 
	556.log, 
	557.log, 
	558.log, 
	559.log, 
	560.log, 
	561.log, 
	562.log, 
	563.log, 
	564.log, 
	565.log, 
	566.log, 
	567.log, 
	568.log, 
	569.log, 
	570.log, 
	571.log, 
	572.log, 
	573.log, 
	574.log, 
	575.log, 
	576.log, 
	577.log, 
	578.log, 
	579.log, 
	580.log, 
	581.log, 
	582.log, 
	583.log, 
	584.log, 
	585.log, 
	586.log, 
	587.log, 
	588.log, 
	589.log, 
	590.log, 
	591.log, 
	592.log, 
	593.log, 
	594.log, 
	595.log, 
	596.log, 
	597.log, 
	598.log, 
	599.log, 
	600.log, 
	601.log, 
	602.log, 
	603.log, 
	604.log, 
	605.log, 
	606.log, 
	607.log, 
	608.log, 
	609.log, 
	610.log, 
	611.log, 
	612.log, 
	613.log, 
	614.log, 
	615.log, 
	616.log, 
	617.log, 
	618.log, 
	619.log, 
	620.log, 
	621.log, 
	622.log, 
	623.log, 
	624.log, 
	625.log, 
	626.log, 
	627.log, 
	628.log, 
	629.log, 
	630.log, 
	631.log, 
	632.log, 
	633.log, 
	634.log, 
	635.log, 
	636.log, 
	637.log, 
	638.log, 
	639.log, 
	640.log, 
	641.log, 
	642.log, 
	643.log, 
	644.log, 
	645.log, 
	646.log, 
	647.log, 
	648.log, 
	649.log, 
	650.log, 
	651.log, 
	652.log, 
	653.log, 
	654.log, 
	655.log, 
	656.log, 
	657.log, 
	658.log, 
	659.log, 
	660.log, 
	661.log, 
	662.log, 
	663.log, 
	664.log, 
	665.log, 
	666.log, 
	667.log, 
	668.log, 
	669.log, 
	670.log, 
	671.log, 
	672.log, 
	673.log, 
	674.log, 
	675.log, 
	676.log, 
	677.log, 
	678.log, 
	679.log, 
	680.log, 
	681.log, 
	682.log, 
	683.log, 
	684.log, 
	685.log, 
	686.log, 
	687.log, 
	688.log, 
	689.log, 
	690.log, 
	691.log, 
	692.log, 
	693.log, 
	694.log, 
	695.log, 
	696.log, 
	697.log, 
	698.log, 
	699.log, 
	700.log, 
	701.log, 
	702.log, 
	703.log, 
	704.log, 
	705.log, 
	706.log, 
	707.log, 
	708.log, 
	709.log, 
	710.log, 
	711.log, 
	712.log, 
	713.log, 
	714.log, 
	715.log, 
	716.log, 
	717.log, 
	718.log, 
	719.log, 
	720.log, 
	721.log, 
	722.log, 
	723.log, 
	724.log, 
	725.log, 
	726.log, 
	727.log, 
	728.log, 
	729.log, 
	730.log, 
	731.log, 
	732.log, 
	733.log, 
	734.log, 
	735.log, 
	736.log, 
	737.log, 
	738.log, 
	739.log, 
	740.log, 
	741.log, 
	742.log, 
	743.log, 
	744.log, 
	745.log, 
	746.log, 
	747.log, 
	748.log, 
	749.log, 
	750.log, 
	751.log, 
	752.log, 
	753.log, 
	754.log, 
	755.log, 
	756.log, 
	757.log, 
	758.log, 
	759.log, 
	760.log, 
	761.log, 
	762.log, 
	763.log, 
	764.log, 
	765.log, 
	766.log, 
	767.log, 
	768.log, 
	769.log, 
	770.log, 
	771.log, 
	772.log, 
	773.log, 
	774.log, 
	775.log, 
	776.log, 
	777.log, 
	778.log, 
	779.log, 
	780.log, 
	781.log, 
	782.log, 
	783.log, 
	784.log, 
	785.log, 
	786.log, 
	787.log, 
	788.log, 
	789.log, 
	790.log, 
	791.log, 
	792.log, 
	793.log, 
	794.log, 
	795.log, 
	796.log, 
	797.log, 
	798.log, 
	799.log, 
	800.log, 
	801.log, 
	802.log, 
	803.log, 
	804.log, 
	805.log, 
	806.log, 
	807.log, 
	808.log, 
	809.log, 
	810.log, 
	811.log, 
	812.log, 
	813.log, 
	814.log, 
	815.log, 
	816.log, 
	817.log, 
	818.log, 
	819.log, 
	820.log, 
	821.log, 
	822.log, 
	823.log, 
	824.log, 
	825.log, 
	826.log, 
	827.log, 
	828.log, 
	829.log, 
	830.log, 
	831.log, 
	832.log, 
	833.log, 
	834.log, 
	835.log, 
	836.log, 
	837.log, 
	838.log, 
	839.log, 
	840.log, 
	841.log, 
	842.log, 
	843.log, 
	844.log, 
	845.log, 
	846.log, 
	847.log, 
	848.log, 
	849.log, 
	850.log, 
	851.log, 
	852.log, 
	853.log, 
	854.log, 
	855.log, 
	856.log, 
	857.log, 
	858.log, 
	859.log, 
	860.log, 
	861.log, 
	862.log, 
	863.log, 
	864.log, 
	865.log, 
	866.log, 
	867.log, 
	868.log, 
	869.log, 
	870.log, 
	871.log, 
	872.log, 
	873.log, 
	874.log, 
	875.log, 
	876.log, 
	877.log, 
	878.log, 
	879.log, 
	880.log, 
	881.log, 
	882.log, 
	883.log, 
	884.log, 
	885.log, 
	886.log, 
	887.log, 
	888.log, 
	889.log, 
	890.log, 
	891.log, 
	892.log, 
	893.log, 
	894.log, 
	895.log, 
	896.log, 
	897.log, 
	898.log, 
	899.log, 
	900.log, 
	901.log, 
	902.log, 
	903.log, 
	904.log, 
	905.log, 
	906.log, 
	907.log, 
	908.log, 
	909.log, 
	910.log, 
	911.log, 
	912.log, 
	913.log, 
	914.log, 
	915.log, 
	916.log, 
	917.log, 
	918.log, 
	919.log, 
	920.log, 
	921.log, 
	922.log, 
	923.log, 
	924.log, 
	925.log, 
	926.log, 
	927.log, 
	928.log, 
	929.log, 
	930.log, 
	931.log, 
	932.log, 
	933.log, 
	934.log, 
	935.log, 
	936.log, 
	937.log, 
	938.log, 
	939.log, 
	940.log, 
	941.log, 
	942.log, 
	943.log, 
	944.log, 
	945.log, 
	946.log, 
	947.log, 
	948.log, 
	949.log, 
	950.log, 
	951.log, 
	952.log, 
	953.log, 
	954.log, 
	955.log, 
	956.log, 
	957.log, 
	958.log, 
	959.log, 
	960.log, 
	961.log, 
	962.log, 
	963.log, 
	964.log, 
	965.log, 
	966.log, 
	967.log, 
	968.log, 
	969.log, 
	970.log, 
	971.log, 
	972.log, 
	973.log, 
	974.log, 
	975.log, 
	976.log, 
	977.log, 
	978.log, 
	979.log, 
	980.log, 
	981.log, 
	982.log, 
	983.log, 
	984.log, 
	985.log, 
	986.log, 
	987.log, 
	988.log, 
	989.log, 
	990.log, 
	991.log, 
	992.log, 
	993.log, 
	994.log, 
	995.log, 
	996.log, 
	997.log, 
	998.log, 
	999.log, 
	1000.log, 
	1001.log, 
	1002.log, 
	1003.log, 
	1004.log, 
	1005.log, 
	1006.log, 
	1007.log, 
	1008.log, 
	1009.log, 
	1010.log, 
	1011.log, 
	1012.log, 
	1013.log, 
	1014.log, 
	1015.log, 
	1016.log, 
	1017.log, 
	1018.log, 
	1019.log, 
	1020.log, 
	1021.log, 
	1022.log, 
	1023.log, 
	1024.log, 
	1025.log, 
	1026.log, 
	1027.log, 
	1028.log, 
	1029.log, 
	1030.log, 
	1031.log, 
	1032.log, 
	1033.log, 
	1034.log, 
	1035.log, 
	1036.log, 
	1037.log, 
	1038.log, 
	1039.log, 
	1040.log, 
	1041.log, 
	1042.log, 
	1043.log, 
	1044.log, 
	1045.log, 
	1046.log, 
	1047.log, 
	1048.log, 
	1049.log, 
	1050.log, 
	1051.log, 
	1052.log, 
	1053.log, 
	1054.log, 
	1055.log, 
	1056.log, 
	1057.log, 
	1058.log, 
	1059.log, 
	1060.log, 
	1061.log, 
	1062.log, 
	1063.log, 
	1064.log, 
	1065.log, 
	1066.log, 
	1067.log, 
	1068.log, 
	1069.log, 
	1070.log, 
	1071.log, 
	1072.log, 
	1073.log, 
	1074.log, 
	1075.log, 
	1076.log, 
	1077.log, 
	1078.log, 
	1079.log, 
	1080.log, 
	1081.log, 
	1082.log, 
	1083.log, 
	1084.log, 
	1085.log, 
	1086.log, 
	1087.log, 
	1088.log, 
	1089.log, 
	1090.log, 
	1091.log, 
	1092.log, 
	1093.log, 
	1094.log, 
	1095.log, 
	1096.log, 
	1097.log, 
	1098.log, 
	1099.log, 
	1100.log, 
	1101.log, 
	1102.log, 
	1103.log, 
	1104.log, 
	1105.log, 
	1106.log, 
	1107.log, 
	1108.log, 
	1109.log, 
	1110.log, 
	1111.log, 
	1112.log, 
	1113.log, 
	1114.log, 
	1115.log, 
	1116.log, 
	1117.log, 
	1118.log, 
	1119.log, 
	1120.log, 
	1121.log, 
	1122.log, 
	1123.log, 
	1124.log, 
	1125.log, 
	1126.log, 
	1127.log, 
	1128.log, 
	1129.log, 
	1130.log, 
	1131.log, 
	1132.log, 
	1133.log, 
	1134.log, 
	1135.log, 
	1136.log, 
	1137.log, 
	1138.log, 
	1139.log, 
	1140.log, 
	1141.log, 
	1142.log, 
	1143.log, 
	1144.log, 
	1145.log, 
	1146.log, 
	1147.log, 
	1148.log, 
	1149.log, 
	1150.log, 
	1151.log, 
	1152.log, 
	1153.log, 
	1154.log, 
	1155.log, 
	1156.log, 
	1157.log, 
	1158.log, 
	1159.log, 
	1160.log, 
	1161.log, 
	1162.log, 
	1163.log, 
	1164.log, 
	1165.log, 
	1166.log, 
	1167.log, 
	1168.log, 
	1169.log, 
	1170.log, 
	1171.log, 
	1172.log, 
	1173.log, 
	1174.log, 
	1175.log, 
	1176.log, 
	1177.log, 
	1178.log, 
	1179.log, 
	1180.log, 
	1181.log, 
	1182.log, 
	1183.log, 
	1184.log, 
	1185.log, 
	1186.log, 
	1187.log, 
	1188.log, 
	1189.log, 
	1190.log, 
	1191.log, 
	1192.log, 
	1193.log, 
	1194.log, 
	1195.log, 
	1196.log, 
	1197.log, 
	1198.log, 
	1199.log, 
	1200.log, 
	1201.log, 
	1202.log, 
	1203.log, 
	1204.log, 
	1205.log, 
	1206.log, 
	1207.log, 
	1208.log, 
	1209.log, 
	1210.log, 
	1211.log, 
	1212.log, 
	1213.log, 
	1214.log, 
	1215.log, 
	1216.log, 
	1217.log, 
	1218.log, 
	1219.log, 
	1220.log, 
	1221.log, 
	1222.log, 
	1223.log, 
	1224.log, 
	1225.log, 
	1226.log, 
	1227.log, 
	1228.log, 
	1229.log, 
	1230.log, 
	1231.log, 
	1232.log, 
	1233.log, 
	1234.log, 
	1235.log, 
	1236.log, 
	1237.log, 
	1238.log, 
	1239.log, 
	1240.log, 
	1241.log, 
	1242.log, 
	1243.log, 
	1244.log, 
	1245.log, 
	1246.log, 
	1247.log, 
	1248.log, 
	1249.log, 
	1250.log, 
	1251.log, 
	1252.log, 
	1253.log, 
	1254.log, 
	1255.log, 
	1256.log, 
	1257.log, 
	1258.log, 
	1259.log, 
	1260.log, 
	1261.log, 
	1262.log, 
	1263.log, 
	1264.log, 
	1265.log, 
	1266.log, 
	1267.log, 
	1268.log, 
	1269.log, 
	1270.log, 
	1271.log, 
	1272.log, 
	1273.log, 
	1274.log, 
	1275.log, 
	1276.log, 
	1277.log, 
	1278.log, 
	1279.log, 
	1280.log, 
	1281.log, 
	1282.log, 
	1283.log, 
	1284.log, 
	1285.log, 
	1286.log, 
	1287.log, 
	1288.log, 
	1289.log, 
	1290.log, 
	1291.log, 
	1292.log, 
	1293.log, 
	1294.log, 
	1295.log, 
	1296.log, 
	1297.log, 
	1298.log, 
	1299.log, 
	1300.log, 
	1301.log, 
	1302.log, 
	1303.log, 
	1304.log, 
	1305.log, 
	1306.log, 
	1307.log, 
	1308.log, 
	1309.log, 
	1310.log, 
	1311.log, 
	1312.log, 
	1313.log, 
	1314.log, 
	1315.log, 
	1316.log, 
	1317.log, 
	1318.log, 
	1319.log, 
	1320.log, 
	1321.log, 
	1322.log, 
	1323.log, 
	1324.log, 
	1325.log, 
	1326.log, 
	1327.log, 
	1328.log, 
	1329.log, 
	1330.log, 
	1331.log, 
	1332.log, 
	1333.log, 
	1334.log, 
	1335.log, 
	1336.log, 
	1337.log, 
	1338.log, 
	1339.log, 
	1340.log, 
	1341.log, 
	1342.log, 
	1343.log, 
	1344.log, 
	1345.log, 
	1346.log, 
	1347.log, 
	1348.log, 
	1349.log, 
	1350.log, 
	1351.log, 
	1352.log, 
	1353.log, 
	1354.log, 
	1355.log, 
	1356.log, 
	1357.log, 
	1358.log, 
	1359.log, 
	1360.log, 
	1361.log, 
	1362.log, 
	1363.log, 
	1364.log, 
	1365.log, 
	1366.log, 
	1367.log, 
	1368.log, 
	1369.log, 
	1370.log, 
	1371.log, 
	1372.log, 
	1373.log, 
	1374.log, 
	1375.log, 
	1376.log, 
	1377.log, 
	1378.log, 
	1379.log, 
	1380.log, 
	1381.log, 
	1382.log, 
	1383.log, 
	1384.log, 
	1385.log, 
	1386.log, 
	1387.log, 
	1388.log, 
	1389.log, 
	1390.log, 
	1391.log, 
	1392.log, 
	1393.log, 
	1394.log, 
	1395.log, 
	1396.log, 
	1397.log, 
	1398.log, 
	1399.log, 
	1400.log, 
	1401.log, 
	1402.log, 
	1403.log, 
	1404.log, 
	1405.log, 
	1406.log, 
	1407.log, 
	1408.log, 
	1409.log, 
	1410.log, 
	1411.log, 
	1412.log, 
	1413.log, 
	1414.log, 
	1415.log, 
	1416.log, 
	1417.log, 
	1418.log, 
	1419.log, 
	1420.log, 
	1421.log, 
	1422.log, 


Differing Unexpected error/failure(471): 
dawn: 
	4.log, 
	7.log, 
	8.log, 
	9.log, 
	11.log, 
	13.log, 
	15.log, 
	18.log, 
	20.log, 
	21.log, 
	22.log, 
	23.log, 
	27.log, 
	30.log, 
	38.log, 
	39.log, 
	42.log, 
	44.log, 
	45.log, 
	53.log, 
	60.log, 
	68.log, 
	69.log, 
	72.log, 
	76.log, 
	79.log, 
	80.log, 
	81.log, 
	82.log, 
	84.log, 
	86.log, 
	90.log, 
	92.log, 
	98.log, 
	102.log, 
	103.log, 
	106.log, 
	108.log, 
	109.log, 
	112.log, 
	114.log, 
	115.log, 
	117.log, 
	121.log, 
	124.log, 
	125.log, 
	126.log, 
	129.log, 
	137.log, 
	140.log, 
	142.log, 
	148.log, 
	151.log, 
	152.log, 
	153.log, 
	155.log, 
	157.log, 
	161.log, 
	162.log, 
	169.log, 
	171.log, 
	172.log, 
	177.log, 
	182.log, 
	184.log, 
	185.log, 
	190.log, 
	191.log, 
	195.log, 
	197.log, 
	198.log, 
	200.log, 
	202.log, 
	205.log, 
	207.log, 
	212.log, 
	213.log, 
	219.log, 
	223.log, 
	224.log, 
	227.log, 
	228.log, 
	232.log, 
	241.log, 
	242.log, 
	245.log, 
	246.log, 
	247.log, 
	250.log, 
	251.log, 
	254.log, 
	255.log, 
	256.log, 
	257.log, 
	258.log, 
	269.log, 
	270.log, 
	271.log, 
	273.log, 
	281.log, 
	287.log, 
	292.log, 
	295.log, 
	298.log, 
	299.log, 
	302.log, 
	303.log, 
	304.log, 
	307.log, 
	309.log, 
	310.log, 
	325.log, 
	329.log, 
	330.log, 
	332.log, 
	334.log, 
	339.log, 
	342.log, 
	343.log, 
	347.log, 
	349.log, 
	350.log, 
	351.log, 
	352.log, 
	353.log, 
	359.log, 
	360.log, 
	362.log, 
	365.log, 
	368.log, 
	373.log, 
	375.log, 
	377.log, 
	381.log, 
	383.log, 
	386.log, 
	393.log, 
	396.log, 
	404.log, 
	409.log, 
	410.log, 
	412.log, 
	421.log, 
	424.log, 
	426.log, 
	427.log, 
	429.log, 
	430.log, 
	432.log, 
	436.log, 
	443.log, 
	445.log, 
	446.log, 
	451.log, 
	452.log, 
	456.log, 
	457.log, 
	459.log, 
	461.log, 
	462.log, 
	463.log, 
	467.log, 
	476.log, 
	477.log, 
	478.log, 
	482.log, 
	485.log, 
	486.log, 
	488.log, 
	489.log, 
	494.log, 
	498.log, 
	500.log, 
	505.log, 
	509.log, 
	515.log, 
	516.log, 
	517.log, 
	522.log, 
	523.log, 
	525.log, 
	530.log, 
	532.log, 
	534.log, 
	539.log, 
	540.log, 
	546.log, 
	547.log, 
	553.log, 
	557.log, 
	558.log, 
	560.log, 
	563.log, 
	564.log, 
	566.log, 
	570.log, 
	572.log, 
	578.log, 
	580.log, 
	581.log, 
	584.log, 
	587.log, 
	594.log, 
	597.log, 
	598.log, 
	602.log, 
	605.log, 
	607.log, 
	613.log, 
	617.log, 
	622.log, 
	628.log, 
	634.log, 
	635.log, 
	641.log, 
	642.log, 
	643.log, 
	644.log, 
	646.log, 
	648.log, 
	649.log, 
	650.log, 
	653.log, 
	654.log, 
	655.log, 
	657.log, 
	658.log, 
	663.log, 
	664.log, 
	666.log, 
	667.log, 
	668.log, 
	673.log, 
	674.log, 
	676.log, 
	677.log, 
	678.log, 
	679.log, 
	680.log, 
	681.log, 
	682.log, 
	683.log, 
	688.log, 
	695.log, 
	696.log, 
	698.log, 
	699.log, 
	704.log, 
	706.log, 
	708.log, 
	718.log, 
	731.log, 
	736.log, 
	737.log, 
	740.log, 
	744.log, 
	750.log, 
	751.log, 
	761.log, 
	764.log, 
	767.log, 
	768.log, 
	770.log, 
	776.log, 
	777.log, 
	778.log, 
	779.log, 
	782.log, 
	783.log, 
	787.log, 
	793.log, 
	795.log, 
	799.log, 
	802.log, 
	804.log, 
	807.log, 
	810.log, 
	812.log, 
	813.log, 
	814.log, 
	819.log, 
	820.log, 
	822.log, 
	824.log, 
	825.log, 
	829.log, 
	833.log, 
	834.log, 
	836.log, 
	837.log, 
	846.log, 
	848.log, 
	852.log, 
	865.log, 
	871.log, 
	873.log, 
	878.log, 
	880.log, 
	882.log, 
	883.log, 
	891.log, 
	892.log, 
	893.log, 
	894.log, 
	898.log, 
	901.log, 
	902.log, 
	904.log, 
	905.log, 
	907.log, 
	910.log, 
	914.log, 
	915.log, 
	917.log, 
	918.log, 
	923.log, 
	926.log, 
	930.log, 
	933.log, 
	934.log, 
	936.log, 
	945.log, 
	947.log, 
	948.log, 
	950.log, 
	955.log, 
	961.log, 
	962.log, 
	971.log, 
	976.log, 
	980.log, 
	982.log, 
	986.log, 
	988.log, 
	993.log, 
	994.log, 
	998.log, 
	1000.log, 
	1001.log, 
	1003.log, 
	1005.log, 
	1007.log, 
	1008.log, 
	1011.log, 
	1013.log, 
	1018.log, 
	1022.log, 
	1025.log, 
	1026.log, 
	1030.log, 
	1036.log, 
	1038.log, 
	1039.log, 
	1040.log, 
	1041.log, 
	1043.log, 
	1045.log, 
	1048.log, 
	1051.log, 
	1055.log, 
	1058.log, 
	1059.log, 
	1068.log, 
	1069.log, 
	1070.log, 
	1072.log, 
	1073.log, 
	1076.log, 
	1078.log, 
	1079.log, 
	1081.log, 
	1084.log, 
	1086.log, 
	1087.log, 
	1100.log, 
	1113.log, 
	1114.log, 
	1117.log, 
	1125.log, 
	1127.log, 
	1128.log, 
	1130.log, 
	1135.log, 
	1137.log, 
	1142.log, 
	1145.log, 
	1147.log, 
	1150.log, 
	1155.log, 
	1157.log, 
	1161.log, 
	1164.log, 
	1165.log, 
	1170.log, 
	1172.log, 
	1183.log, 
	1184.log, 
	1189.log, 
	1190.log, 
	1194.log, 
	1206.log, 
	1208.log, 
	1211.log, 
	1214.log, 
	1217.log, 
	1221.log, 
	1227.log, 
	1228.log, 
	1234.log, 
	1236.log, 
	1237.log, 
	1238.log, 
	1240.log, 
	1246.log, 
	1250.log, 
	1252.log, 
	1253.log, 
	1255.log, 
	1258.log, 
	1259.log, 
	1268.log, 
	1269.log, 
	1270.log, 
	1272.log, 
	1274.log, 
	1275.log, 
	1279.log, 
	1280.log, 
	1283.log, 
	1288.log, 
	1292.log, 
	1294.log, 
	1298.log, 
	1306.log, 
	1307.log, 
	1313.log, 
	1315.log, 
	1317.log, 
	1319.log, 
	1320.log, 
	1321.log, 
	1324.log, 
	1325.log, 
	1337.log, 
	1342.log, 
	1345.log, 
	1346.log, 
	1353.log, 
	1355.log, 
	1362.log, 
	1365.log, 
	1367.log, 
	1370.log, 
	1374.log, 
	1377.log, 
	1378.log, 
	1379.log, 
	1380.log, 
	1384.log, 
	1385.log, 
	1387.log, 
	1389.log, 
	1391.log, 
	1392.log, 
	1393.log, 
	1397.log, 
	1398.log, 
	1399.log, 
	1405.log, 
	1419.log, 
	1420.log, 

